{"name": "Check appear button", "status": "failed", "statusDetails": {"message": "AssertionError: Button did not appear after 5 second\nassert False is True", "trace": "self = <elements_test.TestElements.TestDynamicProperties object at 0x000002818B258DC0>\ndriver = <selenium.webdriver.chrome.webdriver.WebDriver (session=\"5cef8818fbb38c040cf7b9b3e705b324\")>\n\n    @allure.title(\"Check appear button\")\n    def test_appear_button(self, driver):\n        dynamic_properties_page = DynamicPropertiesPage(driver, \"https://demoqa.com/dynamic-properties\")\n        dynamic_properties_page.open_url()\n        appear = dynamic_properties_page.check_appear_of_button()\n>       assert appear is True, \"Button did not appear after 5 second\"\nE       AssertionError: Button did not appear after 5 second\nE       assert False is True\n\ntests\\elements_test.py:160: AssertionError"}, "start": 1682955579556, "stop": 1682955586012, "uuid": "222521fb-f290-40bf-8628-0e5382c06d03", "historyId": "1a153ae19933b2ac6c234b0476e00e43", "testCaseId": "1a153ae19933b2ac6c234b0476e00e43", "fullName": "tests.elements_test.TestDynamicProperties#test_appear_button", "labels": [{"name": "feature", "value": "Dynamic properties page"}, {"name": "suite", "value": "Elements"}, {"name": "parentSuite", "value": "tests"}, {"name": "subSuite", "value": "TestElements"}, {"name": "host", "value": "LWO1-LHP-A17084"}, {"name": "thread", "value": "41884-MainThread"}, {"name": "framework", "value": "pytest"}, {"name": "language", "value": "cpython3"}, {"name": "package", "value": "tests.elements_test"}]}