{"name": "Checking to remove a person from the table", "status": "broken", "statusDetails": {"message": "selenium.common.exceptions.TimeoutException: Message: \nStacktrace:\nBacktrace:\n\tGetHandleVerifier [0x0025DCE3+50899]\n\t(No symbol) [0x001EE111]\n\t(No symbol) [0x000F5588]\n\t(No symbol) [0x001208F9]\n\t(No symbol) [0x00120AFB]\n\t(No symbol) [0x0014F902]\n\t(No symbol) [0x0013B944]\n\t(No symbol) [0x0014E01C]\n\t(No symbol) [0x0013B6F6]\n\t(No symbol) [0x00117708]\n\t(No symbol) [0x0011886D]\n\tGetHandleVerifier [0x004C3EAE+2566302]\n\tGetHandleVerifier [0x004F92B1+2784417]\n\tGetHandleVerifier [0x004F327C+2759788]\n\tGetHandleVerifier [0x002F5740+672048]\n\t(No symbol) [0x001F8872]\n\t(No symbol) [0x001F41C8]\n\t(No symbol) [0x001F42AB]\n\t(No symbol) [0x001E71B7]\n\tBaseThreadInitThunk [0x75C70099+25]\n\tRtlGetAppContainerNamedObjectPath [0x77DF7B6E+286]\n\tRtlGetAppContainerNamedObjectPath [0x77DF7B3E+238]\n\t(No symbol) [0x00000000]", "trace": "self = <elements_test.TestElements.TestWebTable object at 0x000002818B249E50>, driver = <selenium.webdriver.chrome.webdriver.WebDriver (session=\"cca4517298112db089ca30fec94ca5f7\")>\n\n    @allure.title(\"Checking to remove a person from the table\")\n    def test_web_table_delete_person_info(self, driver):\n        web_table_page = WebTablePage(driver, \"https://demoqa.com/webtables\")\n        web_table_page.open_url()\n        email = web_table_page.add_new_person()[3]\n        web_table_page.search_some_person(email)\n        web_table_page.delete_person()\n>       text = web_table_page.check_deleted()\n\ntests\\elements_test.py:91: \n_ _ _ _ _ _ _ _ _ _ _ _ _ _ _ _ _ _ _ _ _ _ _ _ _ _ _ _ _ _ _ _ _ _ _ _ _ _ _ _ _ _ _ _ _ _ _ _ _ _ _ _ _ _ _ _ _ _ _ _ _ _ _ _ _ _ _ _ _ _ _ _ _ _ _ _ _ _ _ _ _ _ _ _ _ _ _ _ _ _ _ _\npages\\elements_page.py:144: in check_deleted\n    return self.element_is_present(self.locators.NO_ROWS_FOUND).text\npages\\base_page.py:22: in element_is_present\n    return Wait(self.driver, timeout).until(EC.presence_of_element_located(locator))\n_ _ _ _ _ _ _ _ _ _ _ _ _ _ _ _ _ _ _ _ _ _ _ _ _ _ _ _ _ _ _ _ _ _ _ _ _ _ _ _ _ _ _ _ _ _ _ _ _ _ _ _ _ _ _ _ _ _ _ _ _ _ _ _ _ _ _ _ _ _ _ _ _ _ _ _ _ _ _ _ _ _ _ _ _ _ _ _ _ _ _ _\n\nself = <selenium.webdriver.support.wait.WebDriverWait (session=\"cca4517298112db089ca30fec94ca5f7\")>\nmethod = <function presence_of_element_located.<locals>._predicate at 0x000002818B306430>, message = ''\n\n    def until(self, method, message: str = \"\"):\n        \"\"\"Calls the method provided with the driver as an argument until the \\\n        return value does not evaluate to ``False``.\n    \n        :param method: callable(WebDriver)\n        :param message: optional message for :exc:`TimeoutException`\n        :returns: the result of the last call to `method`\n        :raises: :exc:`selenium.common.exceptions.TimeoutException` if timeout occurs\n        \"\"\"\n        screen = None\n        stacktrace = None\n    \n        end_time = time.monotonic() + self._timeout\n        while True:\n            try:\n                value = method(self._driver)\n                if value:\n                    return value\n            except self._ignored_exceptions as exc:\n                screen = getattr(exc, \"screen\", None)\n                stacktrace = getattr(exc, \"stacktrace\", None)\n            time.sleep(self._poll)\n            if time.monotonic() > end_time:\n                break\n>       raise TimeoutException(message, screen, stacktrace)\nE       selenium.common.exceptions.TimeoutException: Message: \nE       Stacktrace:\nE       Backtrace:\nE       \tGetHandleVerifier [0x0025DCE3+50899]\nE       \t(No symbol) [0x001EE111]\nE       \t(No symbol) [0x000F5588]\nE       \t(No symbol) [0x001208F9]\nE       \t(No symbol) [0x00120AFB]\nE       \t(No symbol) [0x0014F902]\nE       \t(No symbol) [0x0013B944]\nE       \t(No symbol) [0x0014E01C]\nE       \t(No symbol) [0x0013B6F6]\nE       \t(No symbol) [0x00117708]\nE       \t(No symbol) [0x0011886D]\nE       \tGetHandleVerifier [0x004C3EAE+2566302]\nE       \tGetHandleVerifier [0x004F92B1+2784417]\nE       \tGetHandleVerifier [0x004F327C+2759788]\nE       \tGetHandleVerifier [0x002F5740+672048]\nE       \t(No symbol) [0x001F8872]\nE       \t(No symbol) [0x001F41C8]\nE       \t(No symbol) [0x001F42AB]\nE       \t(No symbol) [0x001E71B7]\nE       \tBaseThreadInitThunk [0x75C70099+25]\nE       \tRtlGetAppContainerNamedObjectPath [0x77DF7B6E+286]\nE       \tRtlGetAppContainerNamedObjectPath [0x77DF7B3E+238]\nE       \t(No symbol) [0x00000000]\n\n..\\..\\.virtualenvs\\AQA_project\\lib\\site-packages\\selenium\\webdriver\\support\\wait.py:95: TimeoutException"}, "start": 1682955502186, "stop": 1682955509682, "uuid": "e2d3bb9e-a5b1-4d72-909c-0425094c56f5", "historyId": "8105e96df4e5b0fcefcd8b41d48533dc", "testCaseId": "8105e96df4e5b0fcefcd8b41d48533dc", "fullName": "tests.elements_test.TestWebTable#test_web_table_delete_person_info", "labels": [{"name": "feature", "value": "WebTable"}, {"name": "suite", "value": "Elements"}, {"name": "parentSuite", "value": "tests"}, {"name": "subSuite", "value": "TestElements"}, {"name": "host", "value": "LWO1-LHP-A17084"}, {"name": "thread", "value": "41884-MainThread"}, {"name": "framework", "value": "pytest"}, {"name": "language", "value": "cpython3"}, {"name": "package", "value": "tests.elements_test"}]}